<?xml version="1.0" encoding="UTF-8"?>
<!-- Generated by org.testng.reporters.JUnitReportReporter -->
<testsuite hostname="korkapuli" name="test.BitKeyValueTest" tests="2" failures="0" timestamp="26 Nov 2013 21:34:28 GMT" time="0.015" errors="0">
  <testcase name="testSetGetBit" time="0.001" classname="test.BitKeyValueTest"/>
  <testcase name="testExpandingArray" time="0.014" classname="test.BitKeyValueTest"/>
</testsuite> <!-- test.BitKeyValueTest -->
