<?xml version="1.0" encoding="UTF-8"?>
<!-- Generated by org.testng.reporters.JUnitReportReporter -->
<testsuite hostname="korkapuli" name="test.StringKeyValueTest" tests="4" failures="0" timestamp="27 Nov 2013 20:26:28 GMT" time="3.030" errors="0">
  <testcase name="testStringKeys" time="0.002" classname="test.StringKeyValueTest"/>
  <testcase name="testOnlyUpdate" time="0.002" classname="test.StringKeyValueTest"/>
  <testcase name="testKeyExpiry" time="3.011" classname="test.StringKeyValueTest"/>
  <testcase name="testInsertingNewElementOnly" time="0.015" classname="test.StringKeyValueTest"/>
</testsuite> <!-- test.StringKeyValueTest -->
