<?xml version="1.0" encoding="UTF-8"?>
<!-- Generated by org.testng.reporters.JUnitReportReporter -->
<testsuite hostname="korkapuli" name="test.SortedKeyValueTest" tests="3" failures="0" timestamp="27 Nov 2013 20:26:57 GMT" time="0.017" errors="0">
  <testcase name="testZAdd" time="0.015" classname="test.SortedKeyValueTest"/>
  <testcase name="testZRange" time="0.000" classname="test.SortedKeyValueTest"/>
  <testcase name="testZCount" time="0.002" classname="test.SortedKeyValueTest"/>
</testsuite> <!-- test.SortedKeyValueTest -->
